  byteCodersEngine.cpp
C:\Program Files\Microsoft Visual Studio\2022\Professional\VC\Tools\MSVC\14.39.33519\include\filesystem(12): warning STL4038: The contents of <filesystem> are available only with C++17 or later.
F:\752\CodingStuff\ByteCoders\ByteCodersBanking\ByteCodersBanking\byteCodersEngine.cpp(121,30): warning C4244: 'argument': conversion from 'unsigned int' to 'float', possible loss of data
F:\752\CodingStuff\ByteCoders\ByteCodersBanking\ByteCodersBanking\byteCodersEngine.cpp(120,63): warning C4244: 'argument': conversion from 'unsigned int' to 'float', possible loss of data
F:\752\CodingStuff\ByteCoders\ByteCodersBanking\ByteCodersBanking\byteCodersEngine.cpp(367,48): warning C4244: 'argument': conversion from 'T' to 'float', possible loss of data
F:\752\CodingStuff\ByteCoders\ByteCodersBanking\ByteCodersBanking\byteCodersEngine.cpp(367,48): warning C4244:         with
F:\752\CodingStuff\ByteCoders\ByteCodersBanking\ByteCodersBanking\byteCodersEngine.cpp(367,48): warning C4244:         [
F:\752\CodingStuff\ByteCoders\ByteCodersBanking\ByteCodersBanking\byteCodersEngine.cpp(367,48): warning C4244:             T=unsigned int
F:\752\CodingStuff\ByteCoders\ByteCodersBanking\ByteCodersBanking\byteCodersEngine.cpp(367,48): warning C4244:         ]
F:\752\CodingStuff\ByteCoders\ByteCodersBanking\ByteCodersBanking\byteCodersEngine.cpp(405,61): warning C4244: 'argument': conversion from 'int' to 'T', possible loss of data
F:\752\CodingStuff\ByteCoders\ByteCodersBanking\ByteCodersBanking\byteCodersEngine.cpp(405,61): warning C4244:         with
F:\752\CodingStuff\ByteCoders\ByteCodersBanking\ByteCodersBanking\byteCodersEngine.cpp(405,61): warning C4244:         [
F:\752\CodingStuff\ByteCoders\ByteCodersBanking\ByteCodersBanking\byteCodersEngine.cpp(405,61): warning C4244:             T=float
F:\752\CodingStuff\ByteCoders\ByteCodersBanking\ByteCodersBanking\byteCodersEngine.cpp(405,61): warning C4244:         ]
F:\752\CodingStuff\ByteCoders\ByteCodersBanking\ByteCodersBanking\byteCodersEngine.cpp(405,48): warning C4244: 'argument': conversion from 'int' to 'T', possible loss of data
F:\752\CodingStuff\ByteCoders\ByteCodersBanking\ByteCodersBanking\byteCodersEngine.cpp(405,48): warning C4244:         with
F:\752\CodingStuff\ByteCoders\ByteCodersBanking\ByteCodersBanking\byteCodersEngine.cpp(405,48): warning C4244:         [
F:\752\CodingStuff\ByteCoders\ByteCodersBanking\ByteCodersBanking\byteCodersEngine.cpp(405,48): warning C4244:             T=float
F:\752\CodingStuff\ByteCoders\ByteCodersBanking\ByteCodersBanking\byteCodersEngine.cpp(405,48): warning C4244:         ]
F:\752\CodingStuff\ByteCoders\ByteCodersBanking\ByteCodersBanking\byteCodersEngine.cpp(408,17): warning C4244: 'argument': conversion from 'int' to 'float', possible loss of data
F:\752\CodingStuff\ByteCoders\ByteCodersBanking\ByteCodersBanking\byteCodersEngine.cpp(407,114): warning C4244: 'argument': conversion from 'T' to 'float', possible loss of data
F:\752\CodingStuff\ByteCoders\ByteCodersBanking\ByteCodersBanking\byteCodersEngine.cpp(407,114): warning C4244:         with
F:\752\CodingStuff\ByteCoders\ByteCodersBanking\ByteCodersBanking\byteCodersEngine.cpp(407,114): warning C4244:         [
F:\752\CodingStuff\ByteCoders\ByteCodersBanking\ByteCodersBanking\byteCodersEngine.cpp(407,114): warning C4244:             T=unsigned int
F:\752\CodingStuff\ByteCoders\ByteCodersBanking\ByteCodersBanking\byteCodersEngine.cpp(407,114): warning C4244:         ]
F:\752\CodingStuff\ByteCoders\ByteCodersBanking\ByteCodersBanking\byteCodersEngine.cpp(436,47): warning C4244: 'argument': conversion from 'T' to 'float', possible loss of data
F:\752\CodingStuff\ByteCoders\ByteCodersBanking\ByteCodersBanking\byteCodersEngine.cpp(436,47): warning C4244:         with
F:\752\CodingStuff\ByteCoders\ByteCodersBanking\ByteCodersBanking\byteCodersEngine.cpp(436,47): warning C4244:         [
F:\752\CodingStuff\ByteCoders\ByteCodersBanking\ByteCodersBanking\byteCodersEngine.cpp(436,47): warning C4244:             T=unsigned int
F:\752\CodingStuff\ByteCoders\ByteCodersBanking\ByteCodersBanking\byteCodersEngine.cpp(436,47): warning C4244:         ]
F:\752\CodingStuff\ByteCoders\ByteCodersBanking\ByteCodersBanking\byteCodersEngine.cpp(514,62): warning C4244: 'argument': conversion from 'int' to 'T', possible loss of data
F:\752\CodingStuff\ByteCoders\ByteCodersBanking\ByteCodersBanking\byteCodersEngine.cpp(514,62): warning C4244:         with
F:\752\CodingStuff\ByteCoders\ByteCodersBanking\ByteCodersBanking\byteCodersEngine.cpp(514,62): warning C4244:         [
F:\752\CodingStuff\ByteCoders\ByteCodersBanking\ByteCodersBanking\byteCodersEngine.cpp(514,62): warning C4244:             T=float
F:\752\CodingStuff\ByteCoders\ByteCodersBanking\ByteCodersBanking\byteCodersEngine.cpp(514,62): warning C4244:         ]
F:\752\CodingStuff\ByteCoders\ByteCodersBanking\ByteCodersBanking\byteCodersEngine.cpp(514,49): warning C4244: 'argument': conversion from 'int' to 'T', possible loss of data
F:\752\CodingStuff\ByteCoders\ByteCodersBanking\ByteCodersBanking\byteCodersEngine.cpp(514,49): warning C4244:         with
F:\752\CodingStuff\ByteCoders\ByteCodersBanking\ByteCodersBanking\byteCodersEngine.cpp(514,49): warning C4244:         [
F:\752\CodingStuff\ByteCoders\ByteCodersBanking\ByteCodersBanking\byteCodersEngine.cpp(514,49): warning C4244:             T=float
F:\752\CodingStuff\ByteCoders\ByteCodersBanking\ByteCodersBanking\byteCodersEngine.cpp(514,49): warning C4244:         ]
F:\752\CodingStuff\ByteCoders\ByteCodersBanking\ByteCodersBanking\byteCodersEngine.cpp(469,66): warning C4101: 'e': unreferenced local variable
  Generating code
  7 of 763 functions ( 0.9%) were compiled, the rest were copied from previous compilation.
    0 functions were new in current compilation
    51 functions had inline decision re-evaluated but remain unchanged
  Finished generating code
  ByteCodersBanking.vcxproj -> F:\752\CodingStuff\ByteCoders\ByteCodersBanking\x64\Release\ByteCodersBanking.exe
